d:\projects\opengl_learning-master\opengl\x64\debug\vc143.pdb
d:\projects\opengl_learning-master\opengl\x64\debug\vc143.idb
d:\projects\opengl_learning-master\opengl\x64\debug\vertexbufferlayout.obj
d:\projects\opengl_learning-master\opengl\x64\debug\vertexbuffer.obj
d:\projects\opengl_learning-master\opengl\x64\debug\vertexarray.obj
d:\projects\opengl_learning-master\opengl\x64\debug\stb_image.obj
d:\projects\opengl_learning-master\opengl\x64\debug\texture.obj
d:\projects\opengl_learning-master\opengl\x64\debug\shader.obj
d:\projects\opengl_learning-master\opengl\x64\debug\renderer.obj
d:\projects\opengl_learning-master\opengl\x64\debug\opengl.obj
d:\projects\opengl_learning-master\opengl\x64\debug\indexbuffer.obj
d:\projects\opengl_learning-master\x64\debug\opengl.exe
d:\projects\opengl_learning-master\x64\debug\opengl.pdb
d:\projects\opengl_learning-master\opengl\x64\debug\opengl.ilk
d:\projects\opengl_learning-master\opengl\x64\debug\opengl.tlog\cl.command.1.tlog
d:\projects\opengl_learning-master\opengl\x64\debug\opengl.tlog\cl.items.tlog
d:\projects\opengl_learning-master\opengl\x64\debug\opengl.tlog\cl.read.1.tlog
d:\projects\opengl_learning-master\opengl\x64\debug\opengl.tlog\cl.write.1.tlog
d:\projects\opengl_learning-master\opengl\x64\debug\opengl.tlog\link.command.1.tlog
d:\projects\opengl_learning-master\opengl\x64\debug\opengl.tlog\link.read.1.tlog
d:\projects\opengl_learning-master\opengl\x64\debug\opengl.tlog\link.secondary.1.tlog
d:\projects\opengl_learning-master\opengl\x64\debug\opengl.tlog\link.write.1.tlog
